2023-12-29T22:12:31.562+0900 [DEBUG] [org.gradle.launcher.daemon.bootstrap.DaemonMain] Assuming the daemon was started with following jvm opts: [--add-opens=java.base/java.util=ALL-UNNAMED, --add-opens=java.base/java.lang=ALL-UNNAMED, --add-opens=java.base/java.lang.invoke=ALL-UNNAMED, --add-opens=java.prefs/java.util.prefs=ALL-UNNAMED, --add-opens=java.base/java.nio.charset=ALL-UNNAMED, --add-opens=java.base/java.net=ALL-UNNAMED, --add-opens=java.base/java.util.concurrent.atomic=ALL-UNNAMED, -XX:MaxMetaspaceSize=384m, -XX:+HeapDumpOnOutOfMemoryError, -Xms256m, -Xmx512m, -Dfile.encoding=x-windows-949, -Duser.country=KR, -Duser.language=ko, -Duser.variant]
2023-12-29T22:12:31.680+0900 [DEBUG] [org.gradle.internal.nativeintegration.services.NativeServices] Native-platform posix files integration is not available. Continuing with fallback.
2023-12-29T22:12:31.689+0900 [INFO] [org.gradle.launcher.daemon.server.Daemon] start() called on daemon - DefaultDaemonContext[uid=25c83679-cc6b-49b6-a957-6dc1391738b8,javaHome=C:\Users\기현\.jdks\corretto-17.0.9,daemonRegistryDir=C:\Users\기현\OneDrive\바탕 화면\baby-lion-pair-matching-java-main (1)\daemon,pid=8596,idleTimeout=10800000,priority=NORMAL,applyInstrumentationAgent=true,daemonOpts=--add-opens=java.base/java.util=ALL-UNNAMED,--add-opens=java.base/java.lang=ALL-UNNAMED,--add-opens=java.base/java.lang.invoke=ALL-UNNAMED,--add-opens=java.prefs/java.util.prefs=ALL-UNNAMED,--add-opens=java.base/java.nio.charset=ALL-UNNAMED,--add-opens=java.base/java.net=ALL-UNNAMED,--add-opens=java.base/java.util.concurrent.atomic=ALL-UNNAMED,-XX:MaxMetaspaceSize=384m,-XX:+HeapDumpOnOutOfMemoryError,-Xms256m,-Xmx512m,-Dfile.encoding=x-windows-949,-Duser.country=KR,-Duser.language=ko,-Duser.variant]
2023-12-29T22:12:31.767+0900 [DEBUG] [org.gradle.internal.remote.internal.inet.InetAddresses] Adding IP addresses for network interface Software Loopback Interface 1
2023-12-29T22:12:31.768+0900 [DEBUG] [org.gradle.internal.remote.internal.inet.InetAddresses] Is this a loopback interface? true
2023-12-29T22:12:31.769+0900 [DEBUG] [org.gradle.internal.remote.internal.inet.InetAddresses] Adding loopback address /127.0.0.1
2023-12-29T22:12:31.769+0900 [DEBUG] [org.gradle.internal.remote.internal.inet.InetAddresses] Adding loopback address /0:0:0:0:0:0:0:1
2023-12-29T22:12:31.769+0900 [DEBUG] [org.gradle.internal.remote.internal.inet.InetAddresses] Adding IP addresses for network interface WAN Miniport (PPPOE)
2023-12-29T22:12:31.771+0900 [DEBUG] [org.gradle.internal.remote.internal.inet.InetAddresses] Is this a loopback interface? false
2023-12-29T22:12:31.771+0900 [DEBUG] [org.gradle.internal.remote.internal.inet.InetAddresses] Adding IP addresses for network interface Microsoft 6to4 Adapter
2023-12-29T22:12:31.773+0900 [DEBUG] [org.gradle.internal.remote.internal.inet.InetAddresses] Is this a loopback interface? false
2023-12-29T22:12:31.773+0900 [DEBUG] [org.gradle.internal.remote.internal.inet.InetAddresses] Adding IP addresses for network interface WAN Miniport (IPv6)
2023-12-29T22:12:31.775+0900 [DEBUG] [org.gradle.internal.remote.internal.inet.InetAddresses] Is this a loopback interface? false
2023-12-29T22:12:31.775+0900 [DEBUG] [org.gradle.internal.remote.internal.inet.InetAddresses] Adding IP addresses for network interface WAN Miniport (Network Monitor)
2023-12-29T22:12:31.778+0900 [DEBUG] [org.gradle.internal.remote.internal.inet.InetAddresses] Is this a loopback interface? false
2023-12-29T22:12:31.778+0900 [DEBUG] [org.gradle.internal.remote.internal.inet.InetAddresses] Adding IP addresses for network interface Microsoft IP-HTTPS Platform Adapter
2023-12-29T22:12:31.780+0900 [DEBUG] [org.gradle.internal.remote.internal.inet.InetAddresses] Is this a loopback interface? false
2023-12-29T22:12:31.780+0900 [DEBUG] [org.gradle.internal.remote.internal.inet.InetAddresses] Adding IP addresses for network interface Realtek PCIe GbE Family Controller
2023-12-29T22:12:31.782+0900 [DEBUG] [org.gradle.internal.remote.internal.inet.InetAddresses] Is this a loopback interface? false
2023-12-29T22:12:31.782+0900 [DEBUG] [org.gradle.internal.remote.internal.inet.InetAddresses] Adding remote address /172.30.1.23
2023-12-29T22:12:31.782+0900 [DEBUG] [org.gradle.internal.remote.internal.inet.InetAddresses] Adding remote address /fe80:0:0:0:286a:9f62:1730:d7a%eth2
2023-12-29T22:12:31.782+0900 [DEBUG] [org.gradle.internal.remote.internal.inet.InetAddresses] Adding IP addresses for network interface WAN Miniport (IP)
2023-12-29T22:12:31.784+0900 [DEBUG] [org.gradle.internal.remote.internal.inet.InetAddresses] Is this a loopback interface? false
2023-12-29T22:12:31.784+0900 [DEBUG] [org.gradle.internal.remote.internal.inet.InetAddresses] Adding IP addresses for network interface Microsoft Teredo Tunneling Adapter
2023-12-29T22:12:31.786+0900 [DEBUG] [org.gradle.internal.remote.internal.inet.InetAddresses] Is this a loopback interface? false
2023-12-29T22:12:31.786+0900 [DEBUG] [org.gradle.internal.remote.internal.inet.InetAddresses] Adding IP addresses for network interface Microsoft Kernel Debug Network Adapter
2023-12-29T22:12:31.788+0900 [DEBUG] [org.gradle.internal.remote.internal.inet.InetAddresses] Is this a loopback interface? false
2023-12-29T22:12:31.788+0900 [DEBUG] [org.gradle.internal.remote.internal.inet.InetAddresses] Adding IP addresses for network interface WAN Miniport (IKEv2)
2023-12-29T22:12:31.790+0900 [DEBUG] [org.gradle.internal.remote.internal.inet.InetAddresses] Is this a loopback interface? false
2023-12-29T22:12:31.790+0900 [DEBUG] [org.gradle.internal.remote.internal.inet.InetAddresses] Adding IP addresses for network interface WAN Miniport (L2TP)
2023-12-29T22:12:31.792+0900 [DEBUG] [org.gradle.internal.remote.internal.inet.InetAddresses] Is this a loopback interface? false
2023-12-29T22:12:31.792+0900 [DEBUG] [org.gradle.internal.remote.internal.inet.InetAddresses] Adding IP addresses for network interface WAN Miniport (PPTP)
2023-12-29T22:12:31.794+0900 [DEBUG] [org.gradle.internal.remote.internal.inet.InetAddresses] Is this a loopback interface? false
2023-12-29T22:12:31.794+0900 [DEBUG] [org.gradle.internal.remote.internal.inet.InetAddresses] Adding IP addresses for network interface WAN Miniport (SSTP)
2023-12-29T22:12:31.796+0900 [DEBUG] [org.gradle.internal.remote.internal.inet.InetAddresses] Is this a loopback interface? false
2023-12-29T22:12:31.796+0900 [DEBUG] [org.gradle.internal.remote.internal.inet.InetAddresses] Adding IP addresses for network interface Realtek PCIe GbE Family Controller-WFP Native MAC Layer LightWeight Filter-0000
2023-12-29T22:12:31.798+0900 [DEBUG] [org.gradle.internal.remote.internal.inet.InetAddresses] Is this a loopback interface? false
2023-12-29T22:12:31.798+0900 [DEBUG] [org.gradle.internal.remote.internal.inet.InetAddresses] Adding IP addresses for network interface Realtek PCIe GbE Family Controller-Nprotect Firewall Core Driver-0000
2023-12-29T22:12:31.800+0900 [DEBUG] [org.gradle.internal.remote.internal.inet.InetAddresses] Is this a loopback interface? false
2023-12-29T22:12:31.800+0900 [DEBUG] [org.gradle.internal.remote.internal.inet.InetAddresses] Adding IP addresses for network interface Realtek PCIe GbE Family Controller-QoS Packet Scheduler-0000
2023-12-29T22:12:31.802+0900 [DEBUG] [org.gradle.internal.remote.internal.inet.InetAddresses] Is this a loopback interface? false
2023-12-29T22:12:31.802+0900 [DEBUG] [org.gradle.internal.remote.internal.inet.InetAddresses] Adding IP addresses for network interface Realtek PCIe GbE Family Controller-WFP 802.3 MAC Layer LightWeight Filter-0000
2023-12-29T22:12:31.803+0900 [DEBUG] [org.gradle.internal.remote.internal.inet.InetAddresses] Is this a loopback interface? false
2023-12-29T22:12:31.804+0900 [DEBUG] [org.gradle.internal.remote.internal.inet.InetAddresses] Adding IP addresses for network interface WAN Miniport (IP)-WFP Native MAC Layer LightWeight Filter-0000
2023-12-29T22:12:31.805+0900 [DEBUG] [org.gradle.internal.remote.internal.inet.InetAddresses] Is this a loopback interface? false
2023-12-29T22:12:31.806+0900 [DEBUG] [org.gradle.internal.remote.internal.inet.InetAddresses] Adding IP addresses for network interface WAN Miniport (IP)-Nprotect Firewall Core Driver-0000
2023-12-29T22:12:31.807+0900 [DEBUG] [org.gradle.internal.remote.internal.inet.InetAddresses] Is this a loopback interface? false
2023-12-29T22:12:31.808+0900 [DEBUG] [org.gradle.internal.remote.internal.inet.InetAddresses] Adding IP addresses for network interface WAN Miniport (IP)-QoS Packet Scheduler-0000
2023-12-29T22:12:31.809+0900 [DEBUG] [org.gradle.internal.remote.internal.inet.InetAddresses] Is this a loopback interface? false
2023-12-29T22:12:31.810+0900 [DEBUG] [org.gradle.internal.remote.internal.inet.InetAddresses] Adding IP addresses for network interface WAN Miniport (IPv6)-WFP Native MAC Layer LightWeight Filter-0000
2023-12-29T22:12:31.811+0900 [DEBUG] [org.gradle.internal.remote.internal.inet.InetAddresses] Is this a loopback interface? false
2023-12-29T22:12:31.811+0900 [DEBUG] [org.gradle.internal.remote.internal.inet.InetAddresses] Adding IP addresses for network interface WAN Miniport (IPv6)-Nprotect Firewall Core Driver-0000
2023-12-29T22:12:31.813+0900 [DEBUG] [org.gradle.internal.remote.internal.inet.InetAddresses] Is this a loopback interface? false
2023-12-29T22:12:31.813+0900 [DEBUG] [org.gradle.internal.remote.internal.inet.InetAddresses] Adding IP addresses for network interface WAN Miniport (IPv6)-QoS Packet Scheduler-0000
2023-12-29T22:12:31.815+0900 [DEBUG] [org.gradle.internal.remote.internal.inet.InetAddresses] Is this a loopback interface? false
2023-12-29T22:12:31.815+0900 [DEBUG] [org.gradle.internal.remote.internal.inet.InetAddresses] Adding IP addresses for network interface WAN Miniport (Network Monitor)-WFP Native MAC Layer LightWeight Filter-0000
2023-12-29T22:12:31.817+0900 [DEBUG] [org.gradle.internal.remote.internal.inet.InetAddresses] Is this a loopback interface? false
2023-12-29T22:12:31.817+0900 [DEBUG] [org.gradle.internal.remote.internal.inet.InetAddresses] Adding IP addresses for network interface WAN Miniport (Network Monitor)-Nprotect Firewall Core Driver-0000
2023-12-29T22:12:31.819+0900 [DEBUG] [org.gradle.internal.remote.internal.inet.InetAddresses] Is this a loopback interface? false
2023-12-29T22:12:31.819+0900 [DEBUG] [org.gradle.internal.remote.internal.inet.InetAddresses] Adding IP addresses for network interface WAN Miniport (Network Monitor)-QoS Packet Scheduler-0000
2023-12-29T22:12:31.821+0900 [DEBUG] [org.gradle.internal.remote.internal.inet.InetAddresses] Is this a loopback interface? false
2023-12-29T22:12:31.825+0900 [DEBUG] [org.gradle.internal.remote.internal.inet.TcpIncomingConnector] Listening on [5c65a916-1a1f-4599-88f7-9d816f8963f9 port:63332, addresses:[localhost/127.0.0.1]].
2023-12-29T22:12:31.839+0900 [DEBUG] [org.gradle.launcher.daemon.server.Daemon] Daemon starting at: Fri Dec 29 22:12:31 KST 2023, with address: [5c65a916-1a1f-4599-88f7-9d816f8963f9 port:63332, addresses:[localhost/127.0.0.1]]
2023-12-29T22:12:31.839+0900 [INFO] [org.gradle.launcher.daemon.server.DaemonRegistryUpdater] Advertising the daemon address to the clients: [5c65a916-1a1f-4599-88f7-9d816f8963f9 port:63332, addresses:[localhost/127.0.0.1]]
2023-12-29T22:12:31.839+0900 [DEBUG] [org.gradle.launcher.daemon.server.DaemonRegistryUpdater] Advertised daemon context: DefaultDaemonContext[uid=25c83679-cc6b-49b6-a957-6dc1391738b8,javaHome=C:\Users\기현\.jdks\corretto-17.0.9,daemonRegistryDir=C:\Users\기현\OneDrive\바탕 화면\baby-lion-pair-matching-java-main (1)\daemon,pid=8596,idleTimeout=10800000,priority=NORMAL,applyInstrumentationAgent=true,daemonOpts=--add-opens=java.base/java.util=ALL-UNNAMED,--add-opens=java.base/java.lang=ALL-UNNAMED,--add-opens=java.base/java.lang.invoke=ALL-UNNAMED,--add-opens=java.prefs/java.util.prefs=ALL-UNNAMED,--add-opens=java.base/java.nio.charset=ALL-UNNAMED,--add-opens=java.base/java.net=ALL-UNNAMED,--add-opens=java.base/java.util.concurrent.atomic=ALL-UNNAMED,-XX:MaxMetaspaceSize=384m,-XX:+HeapDumpOnOutOfMemoryError,-Xms256m,-Xmx512m,-Dfile.encoding=x-windows-949,-Duser.country=KR,-Duser.language=ko,-Duser.variant]
2023-12-29T22:12:31.840+0900 [DEBUG] [org.gradle.launcher.daemon.registry.PersistentDaemonRegistry] Storing daemon address: [5c65a916-1a1f-4599-88f7-9d816f8963f9 port:63332, addresses:[localhost/127.0.0.1]], context: DefaultDaemonContext[uid=25c83679-cc6b-49b6-a957-6dc1391738b8,javaHome=C:\Users\기현\.jdks\corretto-17.0.9,daemonRegistryDir=C:\Users\기현\OneDrive\바탕 화면\baby-lion-pair-matching-java-main (1)\daemon,pid=8596,idleTimeout=10800000,priority=NORMAL,applyInstrumentationAgent=true,daemonOpts=--add-opens=java.base/java.util=ALL-UNNAMED,--add-opens=java.base/java.lang=ALL-UNNAMED,--add-opens=java.base/java.lang.invoke=ALL-UNNAMED,--add-opens=java.prefs/java.util.prefs=ALL-UNNAMED,--add-opens=java.base/java.nio.charset=ALL-UNNAMED,--add-opens=java.base/java.net=ALL-UNNAMED,--add-opens=java.base/java.util.concurrent.atomic=ALL-UNNAMED,-XX:MaxMetaspaceSize=384m,-XX:+HeapDumpOnOutOfMemoryError,-Xms256m,-Xmx512m,-Dfile.encoding=x-windows-949,-Duser.country=KR,-Duser.language=ko,-Duser.variant]
2023-12-29T22:12:31.854+0900 [DEBUG] [org.gradle.cache.internal.DefaultFileLockManager] Waiting to acquire exclusive lock on daemon addresses registry.
2023-12-29T22:12:31.857+0900 [DEBUG] [org.gradle.cache.internal.DefaultFileLockManager] Lock acquired on daemon addresses registry.
2023-12-29T22:12:31.861+0900 [DEBUG] [org.gradle.cache.internal.DefaultFileLockManager] Releasing lock on daemon addresses registry.
2023-12-29T22:12:31.861+0900 [LIFECYCLE] [org.gradle.launcher.daemon.server.Daemon] Daemon server started.
2023-12-29T22:12:31.862+0900 [DEBUG] [org.gradle.launcher.daemon.bootstrap.DaemonStartupCommunication] Completed writing the daemon greeting. Closing streams...
2023-12-29T22:12:31.866+0900 [DEBUG] [org.gradle.launcher.daemon.server.Daemon] stopOnExpiration() called on daemon
2023-12-29T22:12:31.867+0900 [DEBUG] [org.gradle.launcher.daemon.server.Daemon] awaitExpiration() called on daemon
2023-12-29T22:12:31.867+0900 [DEBUG] [org.gradle.launcher.daemon.server.DaemonStateCoordinator] daemon is running. Sleeping until state changes.
2023-12-29T22:12:31.873+0900 [DEBUG] [org.gradle.internal.remote.internal.inet.TcpIncomingConnector] Accepted connection from /127.0.0.1:63333 to /127.0.0.1:63332.
2023-12-29T22:12:31.939+0900 [DEBUG] [org.gradle.launcher.daemon.server.SynchronizedDispatchConnection] thread 22: received class org.gradle.launcher.daemon.protocol.Build
2023-12-29T22:12:31.939+0900 [DEBUG] [org.gradle.launcher.daemon.server.DefaultDaemonConnection] thread 22: Received non-IO message from client: Build{id=6b70fb95-0d7e-4522-bdfb-67c45815f0f5, currentDir=C:\Users\기현\OneDrive\바탕 화면\jdbc-basics}
2023-12-29T22:12:31.940+0900 [INFO] [org.gradle.launcher.daemon.server.DefaultIncomingConnectionHandler] Received command: Build{id=6b70fb95-0d7e-4522-bdfb-67c45815f0f5, currentDir=C:\Users\기현\OneDrive\바탕 화면\jdbc-basics}.
2023-12-29T22:12:31.940+0900 [DEBUG] [org.gradle.launcher.daemon.server.DefaultIncomingConnectionHandler] Starting executing command: Build{id=6b70fb95-0d7e-4522-bdfb-67c45815f0f5, currentDir=C:\Users\기현\OneDrive\바탕 화면\jdbc-basics} with connection: socket connection from /127.0.0.1:63332 to /127.0.0.1:63333.
2023-12-29T22:12:31.942+0900 [DEBUG] [org.gradle.launcher.daemon.server.DaemonStateCoordinator] Command execution: started DaemonCommandExecution[command = Build{id=6b70fb95-0d7e-4522-bdfb-67c45815f0f5, currentDir=C:\Users\기현\OneDrive\바탕 화면\jdbc-basics}, connection = DefaultDaemonConnection: socket connection from /127.0.0.1:63332 to /127.0.0.1:63333] after 0.0 minutes of idle
2023-12-29T22:12:31.942+0900 [INFO] [org.gradle.launcher.daemon.server.DaemonRegistryUpdater] Marking the daemon as busy, address: [5c65a916-1a1f-4599-88f7-9d816f8963f9 port:63332, addresses:[localhost/127.0.0.1]]
2023-12-29T22:12:31.942+0900 [DEBUG] [org.gradle.launcher.daemon.registry.PersistentDaemonRegistry] Marking busy by address: [5c65a916-1a1f-4599-88f7-9d816f8963f9 port:63332, addresses:[localhost/127.0.0.1]]
2023-12-29T22:12:31.947+0900 [DEBUG] [org.gradle.cache.internal.DefaultFileLockManager] Waiting to acquire exclusive lock on daemon addresses registry.
2023-12-29T22:12:31.948+0900 [DEBUG] [org.gradle.cache.internal.DefaultFileLockManager] Lock acquired on daemon addresses registry.
2023-12-29T22:12:31.953+0900 [DEBUG] [org.gradle.cache.internal.DefaultFileLockManager] Releasing lock on daemon addresses registry.
2023-12-29T22:12:31.954+0900 [DEBUG] [org.gradle.launcher.daemon.server.DaemonStateCoordinator] resetting idle timer
2023-12-29T22:12:31.954+0900 [DEBUG] [org.gradle.launcher.daemon.server.DaemonStateCoordinator] daemon is running. Sleeping until state changes.
2023-12-29T22:12:31.954+0900 [INFO] [org.gradle.launcher.daemon.server.exec.StartBuildOrRespondWithBusy] Daemon is about to start building Build{id=6b70fb95-0d7e-4522-bdfb-67c45815f0f5, currentDir=C:\Users\기현\OneDrive\바탕 화면\jdbc-basics}. Dispatching build started information...
2023-12-29T22:12:31.955+0900 [DEBUG] [org.gradle.launcher.daemon.server.SynchronizedDispatchConnection] thread 24: dispatching org.gradle.launcher.daemon.protocol.BuildStarted@390802bb
2023-12-29T22:12:31.957+0900 [DEBUG] [org.gradle.launcher.daemon.server.exec.EstablishBuildEnvironment] Configuring env variables: [USERDOMAIN_ROAMINGPROFILE, LOCALAPPDATA, PROCESSOR_LEVEL, IntelliJ IDEA, USERDOMAIN, LOGONSERVER, JAVA_HOME, SESSIONNAME, ALLUSERSPROFILE, PROCESSOR_ARCHITECTURE, PSModulePath, SystemDrive, OneDrive, APPDATA, USERNAME, ProgramFiles(x86), CommonProgramFiles, Path, PATHEXT, DriverData, OS, OneDriveConsumer, COMPUTERNAME, IntelliJ IDEA Community Edition, PROCESSOR_REVISION, CommonProgramW6432, ComSpec, ProgramData, ProgramW6432, TEMP, HOMEPATH, SystemRoot, PROCESSOR_IDENTIFIER, HOMEDRIVE, USERPROFILE, TMP, CommonProgramFiles(x86), ProgramFiles, PUBLIC, windir, NUMBER_OF_PROCESSORS, =::, IDEA_INITIAL_DIRECTORY]
2023-12-29T22:12:31.958+0900 [DEBUG] [org.gradle.launcher.daemon.server.SynchronizedDispatchConnection] thread 22: received class org.gradle.launcher.daemon.protocol.CloseInput
2023-12-29T22:12:31.958+0900 [DEBUG] [org.gradle.launcher.daemon.server.DefaultDaemonConnection] thread 22: Received IO message from client: org.gradle.launcher.daemon.protocol.CloseInput@a15f854
2023-12-29T22:12:31.960+0900 [DEBUG] [org.gradle.launcher.daemon.server.exec.LogToClient] About to start relaying all logs to the client via the connection.
2023-12-29T22:12:31.960+0900 [INFO] [org.gradle.launcher.daemon.server.exec.LogToClient] The client will now receive all logging from the daemon (pid: 8596). The daemon log file: C:\Users\기현\OneDrive\바탕 화면\baby-lion-pair-matching-java-main (1)\daemon\8.2\daemon-8596.out.log
2023-12-29T22:12:31.962+0900 [INFO] [org.gradle.launcher.daemon.server.exec.LogAndCheckHealth] Starting build in new daemon [memory: 512 MiB]
2023-12-29T22:12:31.963+0900 [INFO] [org.gradle.launcher.daemon.server.exec.ForwardClientInput] Closing daemon's stdin at end of input.
2023-12-29T22:12:31.963+0900 [INFO] [org.gradle.launcher.daemon.server.exec.ForwardClientInput] The daemon will no longer process any standard input.
2023-12-29T22:12:31.963+0900 [DEBUG] [org.gradle.launcher.daemon.server.exec.ExecuteBuild] The daemon has started executing the build.
2023-12-29T22:12:31.964+0900 [DEBUG] [org.gradle.launcher.daemon.server.exec.ExecuteBuild] Executing build with daemon context: DefaultDaemonContext[uid=25c83679-cc6b-49b6-a957-6dc1391738b8,javaHome=C:\Users\기현\.jdks\corretto-17.0.9,daemonRegistryDir=C:\Users\기현\OneDrive\바탕 화면\baby-lion-pair-matching-java-main (1)\daemon,pid=8596,idleTimeout=10800000,priority=NORMAL,applyInstrumentationAgent=true,daemonOpts=--add-opens=java.base/java.util=ALL-UNNAMED,--add-opens=java.base/java.lang=ALL-UNNAMED,--add-opens=java.base/java.lang.invoke=ALL-UNNAMED,--add-opens=java.prefs/java.util.prefs=ALL-UNNAMED,--add-opens=java.base/java.nio.charset=ALL-UNNAMED,--add-opens=java.base/java.net=ALL-UNNAMED,--add-opens=java.base/java.util.concurrent.atomic=ALL-UNNAMED,-XX:MaxMetaspaceSize=384m,-XX:+HeapDumpOnOutOfMemoryError,-Xms256m,-Xmx512m,-Dfile.encoding=x-windows-949,-Duser.country=KR,-Duser.language=ko,-Duser.variant]

BUILD SUCCESSFUL in 20s
2023-12-29T22:12:45.725+0900 [DEBUG] [org.gradle.launcher.daemon.server.exec.ExecuteBuild] The daemon has finished executing the build.
2023-12-29T22:12:45.741+0900 [DEBUG] [org.gradle.launcher.daemon.server.DaemonStateCoordinator] daemon is running. Sleeping until state changes.
2023-12-29T22:12:45.741+0900 [DEBUG] [org.gradle.launcher.daemon.server.DaemonStateCoordinator] Command execution: finished waiting for DaemonCommandExecution[command = Build{id=6b70fb95-0d7e-4522-bdfb-67c45815f0f5, currentDir=C:\Users\기현\OneDrive\바탕 화면\jdbc-basics}, connection = DefaultDaemonConnection: socket connection from /127.0.0.1:63332 to /127.0.0.1:63333]. Result org.gradle.launcher.daemon.server.DaemonStateCoordinator@3b097b69 with state Busy
2023-12-29T22:12:45.741+0900 [DEBUG] [org.gradle.launcher.daemon.server.DaemonStateCoordinator] Command execution: completed DaemonCommandExecution[command = Build{id=6b70fb95-0d7e-4522-bdfb-67c45815f0f5, currentDir=C:\Users\기현\OneDrive\바탕 화면\jdbc-basics}, connection = DefaultDaemonConnection: socket connection from /127.0.0.1:63332 to /127.0.0.1:63333]
2023-12-29T22:12:45.742+0900 [DEBUG] [org.gradle.launcher.daemon.server.DaemonStateCoordinator] resetting idle timer
2023-12-29T22:12:45.742+0900 [INFO] [org.gradle.launcher.daemon.server.DaemonRegistryUpdater] Marking the daemon as idle, address: [5c65a916-1a1f-4599-88f7-9d816f8963f9 port:63332, addresses:[localhost/127.0.0.1]]
2023-12-29T22:12:45.742+0900 [DEBUG] [org.gradle.launcher.daemon.registry.PersistentDaemonRegistry] Marking busy by address: [5c65a916-1a1f-4599-88f7-9d816f8963f9 port:63332, addresses:[localhost/127.0.0.1]]
2023-12-29T22:12:45.743+0900 [DEBUG] [org.gradle.cache.internal.DefaultFileLockManager] Waiting to acquire exclusive lock on daemon addresses registry.
2023-12-29T22:12:45.743+0900 [DEBUG] [org.gradle.cache.internal.DefaultFileLockManager] Lock acquired on daemon addresses registry.
2023-12-29T22:12:45.745+0900 [DEBUG] [org.gradle.cache.internal.DefaultFileLockManager] Releasing lock on daemon addresses registry.
2023-12-29T22:12:45.745+0900 [DEBUG] [org.gradle.launcher.daemon.server.DaemonStateCoordinator] daemon is running. Sleeping until state changes.
2023-12-29T22:12:45.745+0900 [DEBUG] [org.gradle.launcher.daemon.server.exec.ReturnResult] Daemon is dispatching the build result: Success[value=org.gradle.launcher.exec.BuildActionResult@7b63dd76]
2023-12-29T22:12:45.745+0900 [DEBUG] [org.gradle.launcher.daemon.server.SynchronizedDispatchConnection] thread 21: dispatching Success[value=org.gradle.launcher.exec.BuildActionResult@7b63dd76]
2023-12-29T22:12:45.746+0900 [DEBUG] [org.gradle.launcher.daemon.server.DefaultIncomingConnectionHandler] Finishing executing command: Build{id=6b70fb95-0d7e-4522-bdfb-67c45815f0f5, currentDir=C:\Users\기현\OneDrive\바탕 화면\jdbc-basics}
2023-12-29T22:12:45.747+0900 [DEBUG] [org.gradle.launcher.daemon.server.SynchronizedDispatchConnection] thread 22: received class org.gradle.launcher.daemon.protocol.Finished
2023-12-29T22:12:45.747+0900 [DEBUG] [org.gradle.launcher.daemon.server.DefaultDaemonConnection] thread 22: Received non-IO message from client: org.gradle.launcher.daemon.protocol.Finished@4a28e13a
2023-12-29T22:12:45.747+0900 [DEBUG] [org.gradle.launcher.daemon.server.DefaultIncomingConnectionHandler] Received finished message: org.gradle.launcher.daemon.protocol.Finished@4a28e13a
2023-12-29T22:12:45.747+0900 [DEBUG] [org.gradle.launcher.daemon.server.SynchronizedDispatchConnection] thread 21: stopping connection
2023-12-29T22:12:45.748+0900 [DEBUG] [org.gradle.internal.remote.internal.inet.SocketConnection] Discarding EOFException: java.io.EOFException
2023-12-29T22:12:45.748+0900 [DEBUG] [org.gradle.launcher.daemon.server.SynchronizedDispatchConnection] thread 22: received null
2023-12-29T22:12:45.748+0900 [DEBUG] [org.gradle.launcher.daemon.server.DefaultDaemonConnection] thread 22: Received end-of-input from client.
2023-12-29T22:12:45.748+0900 [DEBUG] [org.gradle.launcher.daemon.server.SynchronizedDispatchConnection] thread 21: stopping connection
2023-12-29T22:12:51.883+0900 [DEBUG] [org.gradle.cache.internal.DefaultFileLockManager] Waiting to acquire shared lock on daemon addresses registry.
2023-12-29T22:12:51.883+0900 [DEBUG] [org.gradle.cache.internal.DefaultFileLockManager] Lock acquired on daemon addresses registry.
2023-12-29T22:12:51.883+0900 [DEBUG] [org.gradle.cache.internal.DefaultFileLockManager] Releasing lock on daemon addresses registry.
2023-12-29T22:12:51.885+0900 [DEBUG] [org.gradle.cache.internal.DefaultFileLockManager] Waiting to acquire shared lock on daemon addresses registry.
2023-12-29T22:12:51.885+0900 [DEBUG] [org.gradle.cache.internal.DefaultFileLockManager] Lock acquired on daemon addresses registry.
2023-12-29T22:12:51.885+0900 [DEBUG] [org.gradle.cache.internal.DefaultFileLockManager] Releasing lock on daemon addresses registry.
2023-12-29T22:13:01.869+0900 [DEBUG] [org.gradle.cache.internal.DefaultFileLockManager] Waiting to acquire shared lock on daemon addresses registry.
2023-12-29T22:13:01.869+0900 [DEBUG] [org.gradle.cache.internal.DefaultFileLockManager] Lock acquired on daemon addresses registry.
2023-12-29T22:13:01.869+0900 [DEBUG] [org.gradle.cache.internal.DefaultFileLockManager] Releasing lock on daemon addresses registry.
2023-12-29T22:13:01.870+0900 [DEBUG] [org.gradle.cache.internal.DefaultFileLockManager] Waiting to acquire shared lock on daemon addresses registry.
2023-12-29T22:13:01.871+0900 [DEBUG] [org.gradle.cache.internal.DefaultFileLockManager] Lock acquired on daemon addresses registry.
2023-12-29T22:13:01.871+0900 [DEBUG] [org.gradle.cache.internal.DefaultFileLockManager] Releasing lock on daemon addresses registry.
2023-12-29T22:13:01.872+0900 [DEBUG] [org.gradle.cache.internal.DefaultFileLockManager] Waiting to acquire shared lock on daemon addresses registry.
2023-12-29T22:13:01.872+0900 [DEBUG] [org.gradle.cache.internal.DefaultFileLockManager] Lock acquired on daemon addresses registry.
2023-12-29T22:13:01.872+0900 [DEBUG] [org.gradle.cache.internal.DefaultFileLockManager] Releasing lock on daemon addresses registry.
2023-12-29T22:13:11.875+0900 [DEBUG] [org.gradle.cache.internal.DefaultFileLockManager] Waiting to acquire shared lock on daemon addresses registry.
2023-12-29T22:13:11.875+0900 [DEBUG] [org.gradle.cache.internal.DefaultFileLockManager] Lock acquired on daemon addresses registry.
2023-12-29T22:13:11.875+0900 [DEBUG] [org.gradle.cache.internal.DefaultFileLockManager] Releasing lock on daemon addresses registry.
2023-12-29T22:13:11.878+0900 [DEBUG] [org.gradle.cache.internal.DefaultFileLockManager] Waiting to acquire shared lock on daemon addresses registry.
2023-12-29T22:13:11.878+0900 [DEBUG] [org.gradle.cache.internal.DefaultFileLockManager] Lock acquired on daemon addresses registry.
2023-12-29T22:13:11.878+0900 [DEBUG] [org.gradle.cache.internal.DefaultFileLockManager] Releasing lock on daemon addresses registry.
2023-12-29T22:13:11.880+0900 [DEBUG] [org.gradle.cache.internal.DefaultFileLockManager] Waiting to acquire shared lock on daemon addresses registry.
2023-12-29T22:13:11.880+0900 [DEBUG] [org.gradle.cache.internal.DefaultFileLockManager] Lock acquired on daemon addresses registry.
2023-12-29T22:13:11.881+0900 [DEBUG] [org.gradle.cache.internal.DefaultFileLockManager] Releasing lock on daemon addresses registry.
2023-12-29T22:13:17.524+0900 [DEBUG] [org.gradle.internal.remote.internal.inet.TcpIncomingConnector] Accepted connection from /127.0.0.1:63372 to /127.0.0.1:63332.
2023-12-29T22:13:17.528+0900 [DEBUG] [org.gradle.launcher.daemon.server.SynchronizedDispatchConnection] thread 84: received class org.gradle.launcher.daemon.protocol.StopWhenIdle
2023-12-29T22:13:17.528+0900 [DEBUG] [org.gradle.launcher.daemon.server.DefaultDaemonConnection] thread 84: Received non-IO message from client: StopWhenIdle[id=86abae5c-e108-4ebb-bc44-445dee7a7614]
2023-12-29T22:13:17.528+0900 [INFO] [org.gradle.launcher.daemon.server.DefaultIncomingConnectionHandler] Received command: StopWhenIdle[id=86abae5c-e108-4ebb-bc44-445dee7a7614].
2023-12-29T22:13:17.528+0900 [DEBUG] [org.gradle.launcher.daemon.server.DefaultIncomingConnectionHandler] Starting executing command: StopWhenIdle[id=86abae5c-e108-4ebb-bc44-445dee7a7614] with connection: socket connection from /127.0.0.1:63332 to /127.0.0.1:63372.
2023-12-29T22:13:17.528+0900 [DEBUG] [org.gradle.launcher.daemon.server.DaemonRegistryUpdater] Storing daemon stop event: stop command received
2023-12-29T22:13:17.529+0900 [DEBUG] [org.gradle.launcher.daemon.registry.PersistentDaemonRegistry] Storing daemon stop event with timestamp 1703855597529
2023-12-29T22:13:17.531+0900 [DEBUG] [org.gradle.cache.internal.DefaultFileLockManager] Waiting to acquire exclusive lock on daemon addresses registry.
2023-12-29T22:13:17.531+0900 [DEBUG] [org.gradle.cache.internal.DefaultFileLockManager] Lock acquired on daemon addresses registry.
2023-12-29T22:13:17.533+0900 [DEBUG] [org.gradle.cache.internal.DefaultFileLockManager] Releasing lock on daemon addresses registry.
2023-12-29T22:13:17.534+0900 [LIFECYCLE] [org.gradle.launcher.daemon.server.DaemonStateCoordinator] Daemon will be stopped at the end of the build stop command received
2023-12-29T22:13:17.534+0900 [DEBUG] [org.gradle.launcher.daemon.server.DaemonStateCoordinator] Marking daemon stopped due to stop command received. The daemon is running a build: false
2023-12-29T22:13:17.534+0900 [DEBUG] [org.gradle.launcher.daemon.server.SynchronizedDispatchConnection] thread 21: dispatching Success[value=null]
2023-12-29T22:13:17.534+0900 [DEBUG] [org.gradle.launcher.daemon.server.DaemonStateCoordinator] daemon has stopped.
2023-12-29T22:13:17.535+0900 [DEBUG] [org.gradle.launcher.daemon.server.DefaultIncomingConnectionHandler] Finishing executing command: StopWhenIdle[id=86abae5c-e108-4ebb-bc44-445dee7a7614]
2023-12-29T22:13:17.535+0900 [DEBUG] [org.gradle.launcher.daemon.server.SynchronizedDispatchConnection] thread 84: received class org.gradle.launcher.daemon.protocol.Finished
2023-12-29T22:13:17.535+0900 [DEBUG] [org.gradle.launcher.daemon.server.DefaultDaemonConnection] thread 84: Received non-IO message from client: org.gradle.launcher.daemon.protocol.Finished@64226b31
2023-12-29T22:13:17.535+0900 [DEBUG] [org.gradle.launcher.daemon.server.Daemon] stop() called on daemon
2023-12-29T22:13:17.535+0900 [INFO] [org.gradle.launcher.daemon.server.Daemon] Stop requested. Daemon is removing its presence from the registry...
2023-12-29T22:13:17.535+0900 [DEBUG] [org.gradle.internal.remote.internal.inet.SocketConnection] Discarding EOFException: java.io.EOFException
2023-12-29T22:13:17.536+0900 [DEBUG] [org.gradle.launcher.daemon.server.DaemonRegistryUpdater] Removing our presence to clients, eg. removing this address from the registry: [5c65a916-1a1f-4599-88f7-9d816f8963f9 port:63332, addresses:[localhost/127.0.0.1]]
2023-12-29T22:13:17.535+0900 [DEBUG] [org.gradle.launcher.daemon.server.DefaultIncomingConnectionHandler] Received finished message: org.gradle.launcher.daemon.protocol.Finished@64226b31
2023-12-29T22:13:17.536+0900 [DEBUG] [org.gradle.launcher.daemon.server.SynchronizedDispatchConnection] thread 21: stopping connection
2023-12-29T22:13:17.536+0900 [DEBUG] [org.gradle.launcher.daemon.registry.PersistentDaemonRegistry] Removing daemon address: [5c65a916-1a1f-4599-88f7-9d816f8963f9 port:63332, addresses:[localhost/127.0.0.1]]
2023-12-29T22:13:17.536+0900 [DEBUG] [org.gradle.launcher.daemon.server.SynchronizedDispatchConnection] thread 84: received null
2023-12-29T22:13:17.537+0900 [DEBUG] [org.gradle.launcher.daemon.server.DefaultDaemonConnection] thread 84: Received end-of-input from client.
2023-12-29T22:13:17.537+0900 [DEBUG] [org.gradle.launcher.daemon.server.SynchronizedDispatchConnection] thread 21: stopping connection
2023-12-29T22:13:17.543+0900 [DEBUG] [org.gradle.cache.internal.DefaultFileLockManager] Waiting to acquire exclusive lock on daemon addresses registry.
2023-12-29T22:13:17.543+0900 [DEBUG] [org.gradle.cache.internal.DefaultFileLockManager] Lock acquired on daemon addresses registry.
2023-12-29T22:13:17.552+0900 [DEBUG] [org.gradle.cache.internal.DefaultFileLockManager] Releasing lock on daemon addresses registry.
2023-12-29T22:13:17.552+0900 [DEBUG] [org.gradle.launcher.daemon.server.DaemonRegistryUpdater] Address removed from registry.
2023-12-29T22:13:17.553+0900 [DEBUG] [org.gradle.cache.internal.LockOnDemandCrossProcessCacheAccess] Releasing file lock for jars (C:\Users\기현\OneDrive\바탕 화면\baby-lion-pair-matching-java-main (1)\caches\jars-9)
2023-12-29T22:13:17.554+0900 [DEBUG] [org.gradle.cache.internal.DefaultFileLockManager] Releasing lock on jars (C:\Users\기현\OneDrive\바탕 화면\baby-lion-pair-matching-java-main (1)\caches\jars-9).
2023-12-29T22:13:17.554+0900 [DEBUG] [org.gradle.cache.internal.DefaultPersistentDirectoryStore] jars (C:\Users\기현\OneDrive\바탕 화면\baby-lion-pair-matching-java-main (1)\caches\jars-9) has last been fully cleaned up 0 hours ago
2023-12-29T22:13:17.555+0900 [DEBUG] [org.gradle.cache.internal.DefaultPersistentDirectoryStore] Artifact transforms cache (C:\Users\기현\OneDrive\바탕 화면\baby-lion-pair-matching-java-main (1)\caches\transforms-3) has last been fully cleaned up 0 hours ago
2023-12-29T22:13:17.555+0900 [DEBUG] [org.gradle.cache.internal.DefaultCacheCoordinator] Cache Artifact transforms cache (C:\Users\기현\OneDrive\바탕 화면\baby-lion-pair-matching-java-main (1)\caches\transforms-3) was closed 0 times.
2023-12-29T22:13:17.556+0900 [DEBUG] [org.gradle.cache.internal.LockOnDemandCrossProcessCacheAccess] Releasing file lock for file content cache (C:\Users\기현\OneDrive\바탕 화면\baby-lion-pair-matching-java-main (1)\caches\8.2\fileContent)
2023-12-29T22:13:17.557+0900 [DEBUG] [org.gradle.cache.internal.DefaultFileLockManager] Releasing lock on file content cache (C:\Users\기현\OneDrive\바탕 화면\baby-lion-pair-matching-java-main (1)\caches\8.2\fileContent).
2023-12-29T22:13:17.557+0900 [DEBUG] [org.gradle.internal.watch.vfs.impl.WatchingVirtualFileSystem] Closing VFS, dropping state
2023-12-29T22:13:17.559+0900 [DEBUG] [org.gradle.internal.watch.registry.impl.DefaultFileWatcherRegistry] Finished listening to file system change events
2023-12-29T22:13:17.559+0900 [DEBUG] [org.gradle.cache.internal.DefaultCacheCoordinator] Cache Generated Gradle JARs cache (C:\Users\기현\OneDrive\바탕 화면\baby-lion-pair-matching-java-main (1)\caches\8.2\generated-gradle-jars) was closed 0 times.
2023-12-29T22:13:17.559+0900 [DEBUG] [org.gradle.cache.internal.LockOnDemandCrossProcessCacheAccess] Releasing file lock for artifact cache (C:\Users\기현\OneDrive\바탕 화면\baby-lion-pair-matching-java-main (1)\caches\modules-2)
2023-12-29T22:13:17.560+0900 [DEBUG] [org.gradle.cache.internal.btree.BTreePersistentIndexedCache] Closing cache resource-at-url.bin (C:\Users\기현\OneDrive\바탕 화면\baby-lion-pair-matching-java-main (1)\caches\modules-2\metadata-2.106\resource-at-url.bin)
2023-12-29T22:13:17.560+0900 [DEBUG] [org.gradle.cache.internal.btree.BTreePersistentIndexedCache] Closing cache module-artifact.bin (C:\Users\기현\OneDrive\바탕 화면\baby-lion-pair-matching-java-main (1)\caches\modules-2\metadata-2.106\module-artifact.bin)
2023-12-29T22:13:17.561+0900 [DEBUG] [org.gradle.cache.internal.btree.BTreePersistentIndexedCache] Closing cache module-metadata.bin (C:\Users\기현\OneDrive\바탕 화면\baby-lion-pair-matching-java-main (1)\caches\modules-2\metadata-2.106\module-metadata.bin)
2023-12-29T22:13:17.561+0900 [DEBUG] [org.gradle.cache.internal.DefaultFileLockManager] Releasing lock on artifact cache (C:\Users\기현\OneDrive\바탕 화면\baby-lion-pair-matching-java-main (1)\caches\modules-2).
2023-12-29T22:13:17.562+0900 [DEBUG] [org.gradle.cache.internal.DefaultPersistentDirectoryStore] artifact cache (C:\Users\기현\OneDrive\바탕 화면\baby-lion-pair-matching-java-main (1)\caches\modules-2) has last been fully cleaned up 0 hours ago
2023-12-29T22:13:17.562+0900 [DEBUG] [org.gradle.cache.internal.LockOnDemandCrossProcessCacheAccess] Releasing file lock for journal cache (C:\Users\기현\OneDrive\바탕 화면\baby-lion-pair-matching-java-main (1)\caches\journal-1)
2023-12-29T22:13:17.563+0900 [DEBUG] [org.gradle.cache.internal.btree.BTreePersistentIndexedCache] Closing cache file-access.bin (C:\Users\기현\OneDrive\바탕 화면\baby-lion-pair-matching-java-main (1)\caches\journal-1\file-access.bin)
2023-12-29T22:13:17.563+0900 [DEBUG] [org.gradle.cache.internal.DefaultFileLockManager] Releasing lock on journal cache (C:\Users\기현\OneDrive\바탕 화면\baby-lion-pair-matching-java-main (1)\caches\journal-1).
2023-12-29T22:13:17.564+0900 [DEBUG] [org.gradle.cache.internal.LockOnDemandCrossProcessCacheAccess] Releasing file lock for file hash cache (C:\Users\기현\OneDrive\바탕 화면\baby-lion-pair-matching-java-main (1)\caches\8.2\fileHashes)
2023-12-29T22:13:17.564+0900 [DEBUG] [org.gradle.cache.internal.btree.BTreePersistentIndexedCache] Closing cache fileHashes.bin (C:\Users\기현\OneDrive\바탕 화면\baby-lion-pair-matching-java-main (1)\caches\8.2\fileHashes\fileHashes.bin)
2023-12-29T22:13:17.564+0900 [DEBUG] [org.gradle.cache.internal.btree.BTreePersistentIndexedCache] Closing cache resourceHashesCache.bin (C:\Users\기현\OneDrive\바탕 화면\baby-lion-pair-matching-java-main (1)\caches\8.2\fileHashes\resourceHashesCache.bin)
2023-12-29T22:13:17.565+0900 [DEBUG] [org.gradle.cache.internal.DefaultFileLockManager] Releasing lock on file hash cache (C:\Users\기현\OneDrive\바탕 화면\baby-lion-pair-matching-java-main (1)\caches\8.2\fileHashes).
2023-12-29T22:13:17.565+0900 [DEBUG] [org.gradle.cache.internal.LockOnDemandCrossProcessCacheAccess] Releasing file lock for execution history cache (C:\Users\기현\OneDrive\바탕 화면\baby-lion-pair-matching-java-main (1)\caches\8.2\executionHistory)
2023-12-29T22:13:17.565+0900 [DEBUG] [org.gradle.cache.internal.DefaultFileLockManager] Releasing lock on execution history cache (C:\Users\기현\OneDrive\바탕 화면\baby-lion-pair-matching-java-main (1)\caches\8.2\executionHistory).
2023-12-29T22:13:17.575+0900 [DEBUG] [org.gradle.cache.internal.VersionSpecificCacheCleanupAction] Processed version-specific caches at C:\Users\기현\OneDrive\바탕 화면\baby-lion-pair-matching-java-main (1)\caches for cleanup in 0.008 secs
Daemon vm is shutting down... The daemon has exited normally or was terminated in response to a user interrupt.
2023-12-29T22:13:17.582+0900 [DEBUG] [org.gradle.launcher.daemon.registry.PersistentDaemonRegistry] Removing daemon address: [5c65a916-1a1f-4599-88f7-9d816f8963f9 port:63332, addresses:[localhost/127.0.0.1]]
2023-12-29T22:13:17.588+0900 [DEBUG] [org.gradle.cache.internal.DefaultFileLockManager] Waiting to acquire exclusive lock on daemon addresses registry.
2023-12-29T22:13:17.588+0900 [DEBUG] [org.gradle.cache.internal.DefaultFileLockManager] Lock acquired on daemon addresses registry.
2023-12-29T22:13:17.594+0900 [DEBUG] [org.gradle.cache.internal.DefaultFileLockManager] Releasing lock on daemon addresses registry.
